  Aabb.cpp
  Application.cpp
C:\Users\nktrc\Desktop\project\src\Application.h(26,1): warning C4005: 'ASTROID_ANZAHL': macro redefinition
C:\Users\nktrc\Desktop\project\src\AsteroidHelper.h(11): message : see previous definition of 'ASTROID_ANZAHL'
C:\Users\nktrc\Desktop\project\src\Application.cpp(93,34): warning C4305: 'argument': truncation from 'double' to 'float'
C:\Users\nktrc\Desktop\project\src\Application.cpp(94,35): warning C4305: 'argument': truncation from 'double' to 'float'
C:\Users\nktrc\Desktop\project\src\Application.cpp(95,34): warning C4305: 'argument': truncation from 'double' to 'float'
C:\Users\nktrc\Desktop\project\src\Application.cpp(130,22): warning C4305: '=': truncation from 'double' to 'float'
C:\Users\nktrc\Desktop\project\src\Application.cpp(133,22): warning C4305: '=': truncation from 'double' to 'float'
  AsteroidHelper.cpp
  AstroidShader.cpp
  BaseModel.cpp
  BaseShader.cpp
  Camera.cpp
  color.cpp
  ConstantShader.cpp
  Framebuffer.cpp
  IndexBuffer.cpp
  ParticleHelper.cpp
C:\Users\nktrc\Desktop\project\src\ParticleHelper.cpp(97,22): warning C4305: '=': truncation from 'double' to 'float'
  ParticleShader.cpp
  PostFXHelper.cpp
  PostFXShaders.cpp
  ShaderLightMapper.cpp
  Lights.cpp
  LineBoxModel.cpp
  LinePlaneModel.cpp
  main.cpp
C:\Users\nktrc\Desktop\project\src\Application.h(26,1): warning C4005: 'ASTROID_ANZAHL': macro redefinition
C:\Users\nktrc\Desktop\project\src\AsteroidHelper.h(11): message : see previous definition of 'ASTROID_ANZAHL'
  Compiling...
  Matrix.cpp
  Model.cpp
C:\Users\nktrc\Desktop\project\src\Model.cpp(127,23): warning C4018: '<': signed/unsigned mismatch
C:\Users\nktrc\Desktop\project\src\Model.cpp(134,37): warning C4018: '<': signed/unsigned mismatch
C:\Users\nktrc\Desktop\project\src\Model.cpp(171,31): warning C4018: '<': signed/unsigned mismatch
C:\Users\nktrc\Desktop\project\src\Model.cpp(174,35): warning C4018: '<': signed/unsigned mismatch
C:\Users\nktrc\Desktop\project\src\Model.cpp(192,27): warning C4018: '<': signed/unsigned mismatch
C:\Users\nktrc\Desktop\project\src\Model.cpp(198,27): warning C4018: '<': signed/unsigned mismatch
C:\Users\nktrc\Desktop\project\src\Model.cpp(234,23): warning C4018: '<': signed/unsigned mismatch
C:\Users\nktrc\Desktop\project\src\Model.cpp(235,27): warning C4018: '<': signed/unsigned mismatch
  PhongShader.cpp
  rgbimage.cpp
C:\Users\nktrc\Desktop\project\src\rgbimage.cpp(45,11): warning C4244: '=': conversion from 'float' to 'char', possible loss of data
C:\Users\nktrc\Desktop\project\src\rgbimage.cpp(51,9): warning C4309: '=': truncation of constant value
C:\Users\nktrc\Desktop\project\src\rgbimage.cpp(63,20): warning C4018: '<': signed/unsigned mismatch
C:\Users\nktrc\Desktop\project\src\rgbimage.cpp(65,21): warning C4018: '<': signed/unsigned mismatch
C:\Users\nktrc\Desktop\project\src\rgbimage.cpp(76,16): warning C4244: '=': conversion from 'double' to 'float', possible loss of data
C:\Users\nktrc\Desktop\project\src\rgbimage.cpp(77,16): warning C4244: '=': conversion from 'double' to 'float', possible loss of data
C:\Users\nktrc\Desktop\project\src\rgbimage.cpp(78,16): warning C4244: '=': conversion from 'double' to 'float', possible loss of data
C:\Users\nktrc\Desktop\project\src\rgbimage.cpp(176,20): warning C4018: '<': signed/unsigned mismatch
C:\Users\nktrc\Desktop\project\src\rgbimage.cpp(177,21): warning C4018: '<': signed/unsigned mismatch
  ShadowMapGenerator.cpp
  SpaceShip.cpp
C:\Users\nktrc\Desktop\project\src\SpaceShip.cpp(49,37): warning C4305: '+=': truncation from 'double' to 'float'
C:\Users\nktrc\Desktop\project\src\SpaceShip.cpp(54,39): warning C4305: '+=': truncation from 'double' to 'float'
C:\Users\nktrc\Desktop\project\src\SpaceShip.cpp(59,21): warning C4305: '+=': truncation from 'double' to 'float'
C:\Users\nktrc\Desktop\project\src\SpaceShip.cpp(62,20): warning C4305: '+=': truncation from 'double' to 'float'
C:\Users\nktrc\Desktop\project\src\SpaceShip.cpp(67,37): warning C4305: '+=': truncation from 'double' to 'float'
C:\Users\nktrc\Desktop\project\src\SpaceShip.cpp(71,39): warning C4305: '+=': truncation from 'double' to 'float'
C:\Users\nktrc\Desktop\project\src\SpaceShip.cpp(100,32): warning C4305: 'argument': truncation from 'double' to 'float'
C:\Users\nktrc\Desktop\project\src\SpaceShip.cpp(101,34): warning C4305: 'argument': truncation from 'double' to 'float'
  Texture.cpp
  TriangleBoxModel.cpp
  TrianglePlaneModel.cpp
  TriangleSphereModel.cpp
  vector.cpp
  VertexBuffer.cpp
  Generating code
  Previous IPDB not found, fall back to full compilation.
  All 1071 functions were compiled because no usable IPDB/IOBJ from previous compilation was found.
  Finished generating code
  CGVStudio.vcxproj -> C:\Users\nktrc\Desktop\project\CGVStudio\Release\CGVStudio.exe
